26-08-2019 23:42:27.245 - [main] INFO  c.v.nouns.NounsApplicationTests.logStartupProfileInfo - No active profile set, falling back to default profiles: default
26-08-2019 23:42:29.677 - [main] INFO  com.zaxxer.hikari.HikariDataSource.getConnection - HikariPool-1 - Starting...
26-08-2019 23:42:29.819 - [main] INFO  com.zaxxer.hikari.HikariDataSource.getConnection - HikariPool-1 - Start completed.
26-08-2019 23:42:37.165 - [main] INFO  c.v.nouns.NounsApplicationTests.logStarted - Started NounsApplicationTests in 13.047 seconds (JVM running for 14.429)
26-08-2019 23:42:39.623 - [main] INFO  c.v.n.c.CategoryControllerTest.logStartupProfileInfo - No active profile set, falling back to default profiles: default
26-08-2019 23:42:40.574 - [main] INFO  c.v.n.c.CategoryControllerTest.logStarted - Started CategoryControllerTest in 3.304 seconds (JVM running for 17.825)
26-08-2019 23:42:42.993 - [main] INFO  c.v.n.controller.ImageControllerTest.logStartupProfileInfo - No active profile set, falling back to default profiles: default
26-08-2019 23:42:43.719 - [main] INFO  c.v.n.controller.ImageControllerTest.logStarted - Started ImageControllerTest in 3.003 seconds (JVM running for 20.97)
26-08-2019 23:42:46.016 - [main] INFO  c.v.n.controller.NounControllerTest.logStartupProfileInfo - No active profile set, falling back to default profiles: default
26-08-2019 23:42:46.607 - [main] INFO  c.v.n.controller.NounControllerTest.logStarted - Started NounControllerTest in 2.87 seconds (JVM running for 23.858)
26-08-2019 23:42:46.923 - [main] DEBUG c.v.nouns.service.CategoryService.prepareAndSave - Arguments - Category {id=bfcc2fe0-b014-4449-91b1-25d691e6a33c name=test description=test desc}, Mock for MultipartFile, hashCode: 1692429552
26-08-2019 23:42:46.923 - [main] DEBUG c.v.nouns.service.CategoryService.prepareAndSave - Return - Category {id=bfcc2fe0-b014-4449-91b1-25d691e6a33c name=test description=test desc}
26-08-2019 23:42:47.041 - [main] DEBUG c.voronin.nouns.service.NounService.editNounAndSave - Arguments - CardFilled - CardFilled{noun='noun', transcription='transcription', translation='translation', category='new category', partOfSpeech='speech', firstPhrase='firstPhrase', secondPhrase='secondPhrase', firstPhraseTranslation='firstPhraseTranslation', secondPhraseTranslation='secondPhraseTranslation', description='description'},  - null, nounId - 36f367bf-e4c2-4740-b5f2-8b0c7b899faa
26-08-2019 23:42:47.045 - [main] DEBUG c.voronin.nouns.service.NounService.editNounAndSave - Return noun - Noun {id = null, noun = noun}
26-08-2019 23:42:47.046 - [main] DEBUG c.voronin.nouns.service.NounService.prepareAndSave - Arguments - noun - CardFilled{noun='noun', transcription='transcription', translation='translation', category='category', partOfSpeech='speech', firstPhrase='firstPhrase', secondPhrase='secondPhrase', firstPhraseTranslation='firstPhraseTranslation', secondPhraseTranslation='secondPhraseTranslation', description='description'}
26-08-2019 23:42:47.047 - [main] DEBUG c.voronin.nouns.service.NounService.prepareAndSave - Save noun - Noun {id = null, noun = noun}
26-08-2019 23:42:47.047 - [main] DEBUG c.voronin.nouns.service.NounService.prepareAndSave - Return - Noun {id = null, noun = noun}
26-08-2019 23:42:47.050 - [main] DEBUG c.voronin.nouns.service.NounService.editNounAndSave - Arguments - CardFilled - CardFilled{noun='noun', transcription='transcription', translation='translation', category='category', partOfSpeech='speech', firstPhrase='firstPhrase', secondPhrase='secondPhrase', firstPhraseTranslation='firstPhraseTranslation', secondPhraseTranslation='secondPhraseTranslation', description='description'},  - Mock for MultipartFile, hashCode: 1646698632, nounId - d0531ee8-96a4-4999-b1fa-d630bce9572e
26-08-2019 23:42:47.051 - [main] DEBUG c.voronin.nouns.service.NounService.editNounAndSave - Return noun - Noun {id = null, noun = noun}
26-08-2019 23:42:47.063 - [main] DEBUG c.voronin.nouns.service.NounService.editNounAndSave - Arguments - CardFilled - CardFilled{noun='noun', transcription='transcription', translation='translation', category='category', partOfSpeech='speech', firstPhrase='firstPhrase', secondPhrase='secondPhrase', firstPhraseTranslation='firstPhraseTranslation', secondPhraseTranslation='secondPhraseTranslation', description='description'},  - null, nounId - 91276843-1f89-4b16-9ac3-cce8d200b74f
26-08-2019 23:42:47.063 - [main] DEBUG c.voronin.nouns.service.NounService.editNounAndSave - Return noun - Noun {id = null, noun = noun}
26-08-2019 23:42:47.064 - [main] DEBUG c.voronin.nouns.service.NounService.deleteNoun - Arguments - nounId - 750d5df3-4c17-4f49-9939-71bff6d2f199
26-08-2019 23:42:47.064 - [main] DEBUG c.voronin.nouns.service.NounService.deleteNoun - Delete - Noun {id = null, noun = noun}
26-08-2019 23:42:47.065 - [main] DEBUG c.voronin.nouns.service.NounService.deleteNoun - Delete image from filesystem - false
26-08-2019 23:42:47.193 - [Thread-8] INFO  com.zaxxer.hikari.HikariDataSource.close - HikariPool-1 - Shutdown initiated...
26-08-2019 23:42:47.193 - [Thread-8] INFO  com.zaxxer.hikari.HikariDataSource.close - HikariPool-1 - Shutdown completed.
