26-08-2019 23:43:33.961 - [main] INFO  c.v.words.WordsApplicationTests.logStartupProfileInfo - No active profile set, falling back to default profiles: default
26-08-2019 23:43:36.316 - [main] INFO  com.zaxxer.hikari.HikariDataSource.getConnection - HikariPool-1 - Starting...
26-08-2019 23:43:36.462 - [main] INFO  com.zaxxer.hikari.HikariDataSource.getConnection - HikariPool-1 - Start completed.
26-08-2019 23:43:43.508 - [main] INFO  c.v.words.WordsApplicationTests.logStarted - Started WordsApplicationTests in 12.614 seconds (JVM running for 14.908)
26-08-2019 23:43:45.881 - [main] INFO  c.v.w.c.PartOfSpeechControllerTest.logStartupProfileInfo - No active profile set, falling back to default profiles: default
26-08-2019 23:43:46.595 - [main] INFO  c.v.w.c.PartOfSpeechControllerTest.logStarted - Started PartOfSpeechControllerTest in 3.002 seconds (JVM running for 17.992)
26-08-2019 23:43:48.906 - [main] INFO  c.v.w.controller.WordControllerTest.logStartupProfileInfo - No active profile set, falling back to default profiles: default
26-08-2019 23:43:49.471 - [main] INFO  c.v.w.controller.WordControllerTest.logStarted - Started WordControllerTest in 2.777 seconds (JVM running for 20.867)
26-08-2019 23:43:49.857 - [main] DEBUG c.voronin.words.service.WordService.editWordAndSave - Arguments - CardFilled - CardFilled{word='word', transcription='transcription', translation='translation', partOfSpeech='new part of speech', firstPhrase='firstPhrase', secondPhrase='secondPhrase', firstPhraseTranslation='firstPhraseTranslation', secondPhraseTranslation='secondPhraseTranslation', description='description'}, wordId - 0383897f-815a-46cf-977f-d19da530ee3b
26-08-2019 23:43:49.860 - [main] DEBUG c.voronin.words.service.WordService.editWordAndSave - Return word - Word {id = null, word = word}
26-08-2019 23:43:49.861 - [main] DEBUG c.voronin.words.service.WordService.deleteWord - Arguments - wordId - 3fdb5b18-28c9-4e7e-b738-d00b3fc1b10b
26-08-2019 23:43:49.861 - [main] DEBUG c.voronin.words.service.WordService.deleteWord - Delete - word - Word {id = null, word = word}
26-08-2019 23:43:49.862 - [main] DEBUG c.voronin.words.service.WordService.deleteWord - Change partOfSpeech number of word and save - partOfSpeech - Part of speech {id=null partOfSpeech=null}
26-08-2019 23:43:49.863 - [main] DEBUG c.voronin.words.service.WordService.editWordAndSave - Arguments - CardFilled - CardFilled{word='word', transcription='transcription', translation='translation', partOfSpeech='speech', firstPhrase='firstPhrase', secondPhrase='secondPhrase', firstPhraseTranslation='firstPhraseTranslation', secondPhraseTranslation='secondPhraseTranslation', description='description'}, wordId - 2f08f8cd-260d-4a01-b6a1-00c984390cdd
26-08-2019 23:43:49.864 - [main] DEBUG c.voronin.words.service.WordService.editWordAndSave - Return word - Word {id = null, word = word}
26-08-2019 23:43:49.868 - [main] DEBUG c.voronin.words.service.WordService.prepareAndSave - Arguments - word - CardFilled{word='word', transcription='transcription', translation='translation', partOfSpeech='speech', firstPhrase='firstPhrase', secondPhrase='secondPhrase', firstPhraseTranslation='firstPhraseTranslation', secondPhraseTranslation='secondPhraseTranslation', description='description'}
26-08-2019 23:43:49.868 - [main] INFO  c.voronin.words.service.WordService.prepareAndSave - Word save without image, Word {id = null, word = word}
26-08-2019 23:43:49.868 - [main] DEBUG c.voronin.words.service.WordService.prepareAndSave - Return - Word {id = null, word = word}
26-08-2019 23:43:49.922 - [Thread-8] INFO  com.zaxxer.hikari.HikariDataSource.close - HikariPool-1 - Shutdown initiated...
26-08-2019 23:43:49.931 - [Thread-8] INFO  com.zaxxer.hikari.HikariDataSource.close - HikariPool-1 - Shutdown completed.
26-08-2019 23:44:07.245 - [main] INFO  c.v.words.WordsApplicationTests.logStartupProfileInfo - No active profile set, falling back to default profiles: default
26-08-2019 23:44:09.905 - [main] INFO  com.zaxxer.hikari.HikariDataSource.getConnection - HikariPool-1 - Starting...
26-08-2019 23:44:10.028 - [main] INFO  com.zaxxer.hikari.HikariDataSource.getConnection - HikariPool-1 - Start completed.
26-08-2019 23:44:19.053 - [main] INFO  c.v.words.WordsApplicationTests.logStarted - Started WordsApplicationTests in 14.782 seconds (JVM running for 16.237)
26-08-2019 23:44:19.241 - [Thread-7] INFO  com.zaxxer.hikari.HikariDataSource.close - HikariPool-1 - Shutdown initiated...
26-08-2019 23:44:19.245 - [Thread-7] INFO  com.zaxxer.hikari.HikariDataSource.close - HikariPool-1 - Shutdown completed.
